[2026-06-26T15:40:07.478Z] Payment Initiated: Order ID: 6a3e9d57c8393d48e3d96aa3, PaymentIntent ID: pi_3TmbrOGD1nEdQHxO1yYHAjuF, Amount: $199.98
[2026-06-26T15:40:16.229Z] Idempotency hit for key: test_key_1, Order ID: 6a3e9d57c8393d48e3d96aa3
[2026-06-26T15:41:34.365Z] Payment Succeeded: PaymentIntent: pi_3TmbrOGD1nEdQHxO1yYHAjuF, Order ID: 6a3e9d57c8393d48e3d96aa3
[2026-06-26T15:43:35.618Z] Payment Initiated: Order ID: 6a3e9e27e0ec22371186b948, PaymentIntent ID: pi_3TmbulGD1nEdQHxO0BQG7akW, Amount: $299.97
[2026-06-26T15:43:50.113Z] Payment Failed: PaymentIntent: pi_3TmbulGD1nEdQHxO0BQG7akW, Order ID: 6a3e9e27e0ec22371186b948, Reason: Your card had insufficient funds.
[2026-06-26T15:43:50.119Z] Inventory Restored: Product ID: 6a3e9d2fd7a1f50d06a2ce26, Restored Qty: 3
[2026-06-26T16:02:26.509Z] Payment Initiated: Order ID: 6a3ea292e0ec22371186b94c, PaymentIntent ID: pi_3TmcD0GD1nEdQHxO1aZSDNok, Amount: $448.49
[2026-06-26T16:02:39.751Z] Payment Initiated: Order ID: 6a3ea29fe0ec22371186b951, PaymentIntent ID: pi_3TmcDDGD1nEdQHxO0yOV13SO, Amount: $448.49
[2026-06-26T16:02:55.836Z] Payment Initiated: Order ID: 6a3ea2afe0ec22371186b956, PaymentIntent ID: pi_3TmcDTGD1nEdQHxO0PdrTy5V, Amount: $448.49
[2026-06-26T16:23:04.944Z] Payment Initiated: Order ID: 6a3ea768e0ec22371186b95b, PaymentIntent ID: pi_3TmcWyGD1nEdQHxO0EXJKFk1, Amount: $448.49
[2026-06-26T16:23:44.387Z] Payment Initiated: Order ID: 6a3ea790e0ec22371186b960, PaymentIntent ID: pi_3TmcXbGD1nEdQHxO1uQQQhBF, Amount: $448.49
[2026-06-26T16:24:18.657Z] Payment Initiated: Order ID: 6a3ea7b2e0ec22371186b965, PaymentIntent ID: pi_3TmcYAGD1nEdQHxO0egyGRYn, Amount: $448.49
[2026-06-26T16:25:54.608Z] Payment Initiated: Order ID: 6a3ea812e0ec22371186b96a, PaymentIntent ID: pi_3TmcZiGD1nEdQHxO0r6O2P4u, Amount: $448.49
[2026-06-26T16:30:37.631Z] Payment Initiated: Order ID: 6a3ea92de0ec22371186b96f, PaymentIntent ID: pi_3TmceHGD1nEdQHxO0n1eYWkl, Amount: $448.49
[2026-06-26T16:34:08.871Z] Payment Initiated: Order ID: 6a3eaa00e0ec22371186b974, PaymentIntent ID: pi_3TmchgGD1nEdQHxO0wmqxEuw, Amount: $448.49
[2026-06-26T16:34:23.674Z] Payment Initiated: Order ID: 6a3eaa0fe0ec22371186b979, PaymentIntent ID: pi_3TmchvGD1nEdQHxO0HgGBsB8, Amount: $448.49
[2026-06-26T17:35:38.271Z] Payment Initiated: Order ID: 6a3eb86ad0c35ad35001b82a, PaymentIntent ID: pi_3TmdfBGD1nEdQHxO0xA3FzEH, Amount: $199.98
[2026-06-26T17:35:43.173Z] Payment Succeeded: PaymentIntent: pi_3TmdfBGD1nEdQHxO0xA3FzEH, Order ID: 6a3eb86ad0c35ad35001b82a
[2026-06-26T17:36:13.467Z] Payment Initiated: Order ID: 6a3eb88dd0c35ad35001b834, PaymentIntent ID: pi_3TmdflGD1nEdQHxO15wIAAGD, Amount: $299.50
[2026-06-26T17:36:21.533Z] Payment Succeeded: PaymentIntent: pi_3TmdflGD1nEdQHxO15wIAAGD, Order ID: 6a3eb88dd0c35ad35001b834
[2026-06-27T05:53:15.214Z] Payment Initiated: Order ID: 6a3f654bca9455841190186c, PaymentIntent ID: pi_3TmpB0GD1nEdQHxO0RfFuLo5, Amount: $99.99
[2026-06-27T05:53:21.998Z] Payment Succeeded: PaymentIntent: pi_3TmpB0GD1nEdQHxO0RfFuLo5, Order ID: 6a3f654bca9455841190186c
[2026-06-27T11:02:56.089Z] Payment Initiated: Order ID: 6a3fade02c06311a32cdc9af, PaymentIntent ID: pi_3Tmu0hGD1nEdQHxO1YqVDxjL, Amount: $19.98
[2026-06-27T11:03:00.205Z] Payment Succeeded: PaymentIntent: pi_3Tmu0hGD1nEdQHxO1YqVDxjL, Order ID: 6a3fade02c06311a32cdc9af
[2026-06-27T12:48:03.647Z] Payment Initiated: Order ID: 6a3fc6832c06311a32cdca05, PaymentIntent ID: pi_3TmveQGD1nEdQHxO0piyyg3J, Amount: $22.47
